Using pre-set license
Built from '2020.2/release' branch; Version is '2020.2.4f1 (becced5a802b) revision 12504301'; Using compiler version '192528614'; Build Type 'Release'
OS: 'Windows 10 Home; OS build 18363.1316; Version 1909; 64bit' Language: 'en' Physical Memory: 16226 MB
BatchMode: 1, IsHumanControllingUs: 0, StartBugReporterOnCrash: 0, Is64bit: 1, IsPro: 0

 COMMAND LINE ARGUMENTS:
C:\Program Files\Unity\Hub\Editor\2020.2.4f1\Editor\Unity.exe
-adb2
-batchMode
-noUpm
-name
AssetImportWorker0
-projectPath
C:/Users/khfre/Documents/GameDev/Unity3DCourse/Unity3DGames/LostInSpace
-logFile
Logs/AssetImportWorker0.log
-srvPort
50268
Successfully changed project path to: C:/Users/khfre/Documents/GameDev/Unity3DCourse/Unity3DGames/LostInSpace
C:/Users/khfre/Documents/GameDev/Unity3DCourse/Unity3DGames/LostInSpace
Using Asset Import Pipeline V2.
Refreshing native plugins compatible for Editor in 44.76 ms, found 0 plugins.
Preloading 0 native plugins for Editor in 0.00 ms.
Initialize engine version: 2020.2.4f1 (becced5a802b)
[Subsystems] Discovering subsystems at path C:/Program Files/Unity/Hub/Editor/2020.2.4f1/Editor/Data/Resources/UnitySubsystems
[Subsystems] Discovering subsystems at path C:/Users/khfre/Documents/GameDev/Unity3DCourse/Unity3DGames/LostInSpace/Assets
GfxDevice: creating device client; threaded=0
Direct3D:
    Version:  Direct3D 11.0 [level 11.1]
    Renderer: NVIDIA GeForce MX150 (ID=0x1d12)
    Vendor:   
    VRAM:     1994 MB
    Driver:   23.21.13.8892
Shader 'WFX/Transparent Specular': fallback shader 'Particles/Alpha Blended' not found
Shader 'WFX/Transparent Diffuse': fallback shader 'Particles/Alpha Blended' not found
Initialize mono
Mono path[0] = 'C:/Program Files/Unity/Hub/Editor/2020.2.4f1/Editor/Data/Managed'
Mono path[1] = 'C:/Program Files/Unity/Hub/Editor/2020.2.4f1/Editor/Data/MonoBleedingEdge/lib/mono/unityjit'
Mono config path = 'C:/Program Files/Unity/Hub/Editor/2020.2.4f1/Editor/Data/MonoBleedingEdge/etc'
Using monoOptions --debugger-agent=transport=dt_socket,embedding=1,server=y,suspend=n,address=127.0.0.1:56668
Begin MonoManager ReloadAssembly
Registering precompiled unity dll's ...
Register platform support module: C:/Program Files/Unity/Hub/Editor/2020.2.4f1/Editor/Data/PlaybackEngines/WebGLSupport/UnityEditor.WebGL.Extensions.dll
Register platform support module: C:/Program Files/Unity/Hub/Editor/2020.2.4f1/Editor/Data/PlaybackEngines/WindowsStandaloneSupport/UnityEditor.WindowsStandalone.Extensions.dll
Registered in 0.002244 seconds.
Native extension for WindowsStandalone target not found
Native extension for WebGL target not found
Refreshing native plugins compatible for Editor in 44.10 ms, found 0 plugins.
Preloading 0 native plugins for Editor in 0.00 ms.
Invoked RoslynAnalysisRunner static constructor.
RoslynAnalysisRunner will not be running.
RoslynAnalysisRunner has terminated.
Mono: successfully reloaded assembly
- Completed reload, in  1.178 seconds
Platform modules already initialized, skipping
Registering precompiled user dll's ...
Registered in 0.000881 seconds.
Begin MonoManager ReloadAssembly
Native extension for WindowsStandalone target not found
Native extension for WebGL target not found
Refreshing native plugins compatible for Editor in 0.46 ms, found 0 plugins.
Preloading 0 native plugins for Editor in 0.00 ms.
Invoked RoslynAnalysisRunner static constructor.
RoslynAnalysisRunner will not be running.
RoslynAnalysisRunner has terminated.
Mono: successfully reloaded assembly
- Completed reload, in  0.895 seconds
Platform modules already initialized, skipping
========================================================================
Worker process is ready to serve import requests
Shader 'WFX/Transparent Diffuse': fallback shader 'Particles/Alpha Blended' not found
Shader 'WFX/Transparent Specular': fallback shader 'Particles/Alpha Blended' not found
Launched and connected shader compiler UnityShaderCompiler.exe after 0.05 seconds
Refreshing native plugins compatible for Editor in 0.47 ms, found 0 plugins.
Preloading 0 native plugins for Editor in 0.00 ms.
Unloading 1618 Unused Serialized files (Serialized files now loaded: 0)
System memory in use before: 85.2 MB.
System memory in use after: 85.0 MB.

Unloading 72 unused Assets to reduce memory usage. Loaded Objects now: 2064.
Total: 3.097300 ms (FindLiveObjects: 0.246400 ms CreateObjectMapping: 0.188000 ms MarkObjects: 2.264300 ms  DeleteObjects: 0.397300 ms)

========================================================================
Received Import Request.
  path: Assets/Other Assets/Standard Assets/Characters/FirstPersonCharacter/Scripts/RigidbodyFirstPersonController.cs
  artifactKey: Guid(81c9795a96c094f4cbde4d65546aa9b2) Importer(815301076,1909f56bfc062723c751e8b465ee728b)
Start importing Assets/Other Assets/Standard Assets/Characters/FirstPersonCharacter/Scripts/RigidbodyFirstPersonController.cs using Guid(81c9795a96c094f4cbde4d65546aa9b2) Importer(815301076,1909f56bfc062723c751e8b465ee728b)  -> (artifact id: '2b4f127943be4790df37b12298c2c122') in 0.028206 seconds
  Import took 0.030947 seconds .

========================================================================
Received Prepare
Registering precompiled user dll's ...
Registered in 0.000978 seconds.
Begin MonoManager ReloadAssembly
Native extension for WindowsStandalone target not found
Native extension for WebGL target not found
Refreshing native plugins compatible for Editor in 0.45 ms, found 0 plugins.
Preloading 0 native plugins for Editor in 0.00 ms.
Invoked RoslynAnalysisRunner static constructor.
RoslynAnalysisRunner will not be running.
RoslynAnalysisRunner has terminated.
Mono: successfully reloaded assembly
- Completed reload, in  0.951 seconds
Platform modules already initialized, skipping
Shader 'WFX/Transparent Diffuse': fallback shader 'Particles/Alpha Blended' not found
Shader 'WFX/Transparent Specular': fallback shader 'Particles/Alpha Blended' not found
Refreshing native plugins compatible for Editor in 0.47 ms, found 0 plugins.
Preloading 0 native plugins for Editor in 0.00 ms.
Unloading 1562 Unused Serialized files (Serialized files now loaded: 0)
System memory in use before: 81.6 MB.
System memory in use after: 81.4 MB.

Unloading 67 unused Assets to reduce memory usage. Loaded Objects now: 2066.
Total: 3.018100 ms (FindLiveObjects: 0.263800 ms CreateObjectMapping: 0.071200 ms MarkObjects: 2.330800 ms  DeleteObjects: 0.351100 ms)

========================================================================
Received Prepare
Registering precompiled user dll's ...
Registered in 0.001008 seconds.
Begin MonoManager ReloadAssembly
Native extension for WindowsStandalone target not found
Native extension for WebGL target not found
Refreshing native plugins compatible for Editor in 0.50 ms, found 0 plugins.
Preloading 0 native plugins for Editor in 0.00 ms.
Invoked RoslynAnalysisRunner static constructor.
RoslynAnalysisRunner will not be running.
RoslynAnalysisRunner has terminated.
Mono: successfully reloaded assembly
- Completed reload, in  1.212 seconds
Platform modules already initialized, skipping
Shader 'WFX/Transparent Diffuse': fallback shader 'Particles/Alpha Blended' not found
Shader 'WFX/Transparent Specular': fallback shader 'Particles/Alpha Blended' not found
Refreshing native plugins compatible for Editor in 0.98 ms, found 0 plugins.
Preloading 0 native plugins for Editor in 0.00 ms.
Unloading 1563 Unused Serialized files (Serialized files now loaded: 0)
System memory in use before: 81.7 MB.
System memory in use after: 81.5 MB.

Unloading 67 unused Assets to reduce memory usage. Loaded Objects now: 2069.
Total: 11.790300 ms (FindLiveObjects: 0.201200 ms CreateObjectMapping: 0.063900 ms MarkObjects: 10.922200 ms  DeleteObjects: 0.601000 ms)

========================================================================
Received Prepare
Registering precompiled user dll's ...
Registered in 0.000976 seconds.
Begin MonoManager ReloadAssembly
Native extension for WindowsStandalone target not found
Native extension for WebGL target not found
Refreshing native plugins compatible for Editor in 1.09 ms, found 0 plugins.
Preloading 0 native plugins for Editor in 0.00 ms.
Invoked RoslynAnalysisRunner static constructor.
RoslynAnalysisRunner will not be running.
RoslynAnalysisRunner has terminated.
Mono: successfully reloaded assembly
- Completed reload, in  1.113 seconds
Platform modules already initialized, skipping
Shader 'WFX/Transparent Diffuse': fallback shader 'Particles/Alpha Blended' not found
Shader 'WFX/Transparent Specular': fallback shader 'Particles/Alpha Blended' not found
Refreshing native plugins compatible for Editor in 0.50 ms, found 0 plugins.
Preloading 0 native plugins for Editor in 0.00 ms.
Unloading 1563 Unused Serialized files (Serialized files now loaded: 0)
System memory in use before: 81.7 MB.
System memory in use after: 81.5 MB.

Unloading 67 unused Assets to reduce memory usage. Loaded Objects now: 2071.
Total: 4.142300 ms (FindLiveObjects: 0.337000 ms CreateObjectMapping: 0.078800 ms MarkObjects: 3.216200 ms  DeleteObjects: 0.507200 ms)

========================================================================
Received Prepare
Registering precompiled user dll's ...
Registered in 0.001212 seconds.
Begin MonoManager ReloadAssembly
Native extension for WindowsStandalone target not found
Native extension for WebGL target not found
Refreshing native plugins compatible for Editor in 0.48 ms, found 0 plugins.
Preloading 0 native plugins for Editor in 0.00 ms.
Invoked RoslynAnalysisRunner static constructor.
RoslynAnalysisRunner will not be running.
RoslynAnalysisRunner has terminated.
Mono: successfully reloaded assembly
- Completed reload, in  0.930 seconds
Platform modules already initialized, skipping
Shader 'WFX/Transparent Diffuse': fallback shader 'Particles/Alpha Blended' not found
Shader 'WFX/Transparent Specular': fallback shader 'Particles/Alpha Blended' not found
Refreshing native plugins compatible for Editor in 0.48 ms, found 0 plugins.
Preloading 0 native plugins for Editor in 0.00 ms.
Unloading 1563 Unused Serialized files (Serialized files now loaded: 0)
System memory in use before: 81.7 MB.
System memory in use after: 81.5 MB.

Unloading 67 unused Assets to reduce memory usage. Loaded Objects now: 2073.
Total: 3.465900 ms (FindLiveObjects: 0.263200 ms CreateObjectMapping: 0.060400 ms MarkObjects: 2.726200 ms  DeleteObjects: 0.414800 ms)

========================================================================
Received Prepare
Registering precompiled user dll's ...
Registered in 0.000982 seconds.
Begin MonoManager ReloadAssembly
Native extension for WindowsStandalone target not found
Native extension for WebGL target not found
Refreshing native plugins compatible for Editor in 0.47 ms, found 0 plugins.
Preloading 0 native plugins for Editor in 0.00 ms.
Invoked RoslynAnalysisRunner static constructor.
RoslynAnalysisRunner will not be running.
RoslynAnalysisRunner has terminated.
Mono: successfully reloaded assembly
- Completed reload, in  0.866 seconds
Platform modules already initialized, skipping
Shader 'WFX/Transparent Diffuse': fallback shader 'Particles/Alpha Blended' not found
Shader 'WFX/Transparent Specular': fallback shader 'Particles/Alpha Blended' not found
Refreshing native plugins compatible for Editor in 0.51 ms, found 0 plugins.
Preloading 0 native plugins for Editor in 0.00 ms.
Unloading 1563 Unused Serialized files (Serialized files now loaded: 0)
System memory in use before: 81.7 MB.
System memory in use after: 81.5 MB.

Unloading 67 unused Assets to reduce memory usage. Loaded Objects now: 2075.
Total: 2.925000 ms (FindLiveObjects: 0.254100 ms CreateObjectMapping: 0.074200 ms MarkObjects: 2.132500 ms  DeleteObjects: 0.463000 ms)

