Using pre-set license
Built from '2020.2/release' branch; Version is '2020.2.4f1 (becced5a802b) revision 12504301'; Using compiler version '192528614'; Build Type 'Release'
OS: 'Windows 10 Home; OS build 18363.1316; Version 1909; 64bit' Language: 'en' Physical Memory: 16226 MB
BatchMode: 1, IsHumanControllingUs: 0, StartBugReporterOnCrash: 0, Is64bit: 1, IsPro: 0

 COMMAND LINE ARGUMENTS:
C:\Program Files\Unity\Hub\Editor\2020.2.4f1\Editor\Unity.exe
-adb2
-batchMode
-noUpm
-name
AssetImportWorker0
-projectPath
C:/Users/khfre/Documents/GameDev/Unity3DCourse/Unity3DGames/LostInSpace
-logFile
Logs/AssetImportWorker0.log
-srvPort
63884
Successfully changed project path to: C:/Users/khfre/Documents/GameDev/Unity3DCourse/Unity3DGames/LostInSpace
C:/Users/khfre/Documents/GameDev/Unity3DCourse/Unity3DGames/LostInSpace
Using Asset Import Pipeline V2.
Refreshing native plugins compatible for Editor in 53.83 ms, found 0 plugins.
Preloading 0 native plugins for Editor in 0.00 ms.
Initialize engine version: 2020.2.4f1 (becced5a802b)
[Subsystems] Discovering subsystems at path C:/Program Files/Unity/Hub/Editor/2020.2.4f1/Editor/Data/Resources/UnitySubsystems
[Subsystems] Discovering subsystems at path C:/Users/khfre/Documents/GameDev/Unity3DCourse/Unity3DGames/LostInSpace/Assets
GfxDevice: creating device client; threaded=0
Direct3D:
    Version:  Direct3D 11.0 [level 11.1]
    Renderer: NVIDIA GeForce MX150 (ID=0x1d12)
    Vendor:   
    VRAM:     1994 MB
    Driver:   23.21.13.8892
Shader 'WFX/Transparent Specular': fallback shader 'Particles/Alpha Blended' not found
Shader 'WFX/Transparent Diffuse': fallback shader 'Particles/Alpha Blended' not found
Initialize mono
Mono path[0] = 'C:/Program Files/Unity/Hub/Editor/2020.2.4f1/Editor/Data/Managed'
Mono path[1] = 'C:/Program Files/Unity/Hub/Editor/2020.2.4f1/Editor/Data/MonoBleedingEdge/lib/mono/unityjit'
Mono config path = 'C:/Program Files/Unity/Hub/Editor/2020.2.4f1/Editor/Data/MonoBleedingEdge/etc'
Using monoOptions --debugger-agent=transport=dt_socket,embedding=1,server=y,suspend=n,address=127.0.0.1:56392
Begin MonoManager ReloadAssembly
Registering precompiled unity dll's ...
Register platform support module: C:/Program Files/Unity/Hub/Editor/2020.2.4f1/Editor/Data/PlaybackEngines/WebGLSupport/UnityEditor.WebGL.Extensions.dll
Register platform support module: C:/Program Files/Unity/Hub/Editor/2020.2.4f1/Editor/Data/PlaybackEngines/WindowsStandaloneSupport/UnityEditor.WindowsStandalone.Extensions.dll
Registered in 0.002875 seconds.
Native extension for WindowsStandalone target not found
Native extension for WebGL target not found
Refreshing native plugins compatible for Editor in 51.86 ms, found 0 plugins.
Preloading 0 native plugins for Editor in 0.00 ms.
Invoked RoslynAnalysisRunner static constructor.
RoslynAnalysisRunner will not be running.
RoslynAnalysisRunner has terminated.
Mono: successfully reloaded assembly
- Completed reload, in  1.151 seconds
Platform modules already initialized, skipping
Registering precompiled user dll's ...
Registered in 0.001057 seconds.
Begin MonoManager ReloadAssembly
Native extension for WindowsStandalone target not found
Native extension for WebGL target not found
Refreshing native plugins compatible for Editor in 0.56 ms, found 0 plugins.
Preloading 0 native plugins for Editor in 0.00 ms.
Invoked RoslynAnalysisRunner static constructor.
RoslynAnalysisRunner will not be running.
RoslynAnalysisRunner has terminated.
Mono: successfully reloaded assembly
- Completed reload, in  0.984 seconds
Platform modules already initialized, skipping
========================================================================
Worker process is ready to serve import requests
Shader 'WFX/Transparent Diffuse': fallback shader 'Particles/Alpha Blended' not found
Shader 'WFX/Transparent Specular': fallback shader 'Particles/Alpha Blended' not found
Launched and connected shader compiler UnityShaderCompiler.exe after 0.04 seconds
Refreshing native plugins compatible for Editor in 0.55 ms, found 0 plugins.
Preloading 0 native plugins for Editor in 0.00 ms.
Unloading 1624 Unused Serialized files (Serialized files now loaded: 0)
System memory in use before: 159.7 MB.
System memory in use after: 159.5 MB.

Unloading 72 unused Assets to reduce memory usage. Loaded Objects now: 2075.
Total: 2.660500 ms (FindLiveObjects: 0.222900 ms CreateObjectMapping: 0.081100 ms MarkObjects: 1.990400 ms  DeleteObjects: 0.365200 ms)

========================================================================
Received Import Request.
  path: Assets/Audio/68300__robinhood76__00920-man-dying-1.wav
  artifactKey: Guid(0951de69228e5e5468063a9949a8ec32) Importer(815301076,1909f56bfc062723c751e8b465ee728b)
Start importing Assets/Audio/68300__robinhood76__00920-man-dying-1.wav using Guid(0951de69228e5e5468063a9949a8ec32) Importer(815301076,1909f56bfc062723c751e8b465ee728b)  -> (artifact id: 'c1202fb375ed5c0b7e959840df62ce42') in 0.121602 seconds
  Import took 0.127886 seconds .

========================================================================
Received Import Request.
  Time since last request: 1.482980 seconds.
  path: Assets/Audio/413185__micahlg__male-hurt8.ogg
  artifactKey: Guid(f3e4317000482a944992faff1c424d86) Importer(815301076,1909f56bfc062723c751e8b465ee728b)
Start importing Assets/Audio/413185__micahlg__male-hurt8.ogg using Guid(f3e4317000482a944992faff1c424d86) Importer(815301076,1909f56bfc062723c751e8b465ee728b)  -> (artifact id: 'bcb7db257fbecdf74e743335d1e08926') in 0.022290 seconds
  Import took 0.026108 seconds .

========================================================================
Received Import Request.
  Time since last request: 0.545824 seconds.
  path: Assets/Audio/alarm.wav
  artifactKey: Guid(c8c52ec4c17deae40ab8a61bf012cb21) Importer(815301076,1909f56bfc062723c751e8b465ee728b)
Start importing Assets/Audio/alarm.wav using Guid(c8c52ec4c17deae40ab8a61bf012cb21) Importer(815301076,1909f56bfc062723c751e8b465ee728b)  -> (artifact id: '9784939f4d1b9881371119a4e2cb9f3c') in 0.020593 seconds
  Import took 0.024288 seconds .

========================================================================
Received Prepare
Shader 'WFX/Transparent Diffuse': fallback shader 'Particles/Alpha Blended' not found
Shader 'WFX/Transparent Specular': fallback shader 'Particles/Alpha Blended' not found
Refreshing native plugins compatible for Editor in 1.12 ms, found 0 plugins.
Preloading 0 native plugins for Editor in 0.00 ms.
Unloading 4 Unused Serialized files (Serialized files now loaded: 0)
System memory in use before: 127.2 MB.
System memory in use after: 127.1 MB.

Unloading 3 unused Assets to reduce memory usage. Loaded Objects now: 2084.
Total: 2.414900 ms (FindLiveObjects: 0.185000 ms CreateObjectMapping: 0.063300 ms MarkObjects: 1.899800 ms  DeleteObjects: 0.265700 ms)

========================================================================
Received Import Request.
  Time since last request: 334.760675 seconds.
  path: Assets/Audio/413173__micahlg__male-hurt12.ogg
  artifactKey: Guid(2847020f5959f9d4a944999bfae11354) Importer(815301076,1909f56bfc062723c751e8b465ee728b)
Start importing Assets/Audio/413173__micahlg__male-hurt12.ogg using Guid(2847020f5959f9d4a944999bfae11354) Importer(815301076,1909f56bfc062723c751e8b465ee728b)  -> (artifact id: 'e46ffbb43a1c1561cedebd703621fbd3') in 0.031628 seconds
  Import took 0.045930 seconds .

========================================================================
Received Import Request.
  Time since last request: 2.760683 seconds.
  path: Assets/Audio/ammo pickup.wav
  artifactKey: Guid(a7d07b4a92386414c89b5adbffe19375) Importer(815301076,1909f56bfc062723c751e8b465ee728b)
Start importing Assets/Audio/ammo pickup.wav using Guid(a7d07b4a92386414c89b5adbffe19375) Importer(815301076,1909f56bfc062723c751e8b465ee728b)  -> (artifact id: '54004b82b59d15b058f16c6430a25bad') in 0.019347 seconds
  Import took 0.023000 seconds .

========================================================================
Received Import Request.
  Time since last request: 2.927158 seconds.
  path: Assets/Audio/rustle.wav
  artifactKey: Guid(e817dde48f8cdc448b6b32d81735e06f) Importer(815301076,1909f56bfc062723c751e8b465ee728b)
Start importing Assets/Audio/rustle.wav using Guid(e817dde48f8cdc448b6b32d81735e06f) Importer(815301076,1909f56bfc062723c751e8b465ee728b)  -> (artifact id: '32e85ee5df73cbf92c3ca56a6276edef') in 0.020732 seconds
  Import took 0.024460 seconds .

========================================================================
Received Import Request.
  Time since last request: 0.546049 seconds.
  path: Assets/Audio/light buzz.mp3
  artifactKey: Guid(da9bcd5160688f2458da9978373a916a) Importer(815301076,1909f56bfc062723c751e8b465ee728b)
Start importing Assets/Audio/light buzz.mp3 using Guid(da9bcd5160688f2458da9978373a916a) Importer(815301076,1909f56bfc062723c751e8b465ee728b)  -> (artifact id: '461b12f395678ab6e62851c7320474b0') in 0.020040 seconds
  Import took 0.032032 seconds .

========================================================================
Received Import Request.
  Time since last request: 0.409231 seconds.
  path: Assets/Audio/footstep.mp3
  artifactKey: Guid(8f454a0435a0fc24dbca356085098d8f) Importer(815301076,1909f56bfc062723c751e8b465ee728b)
Start importing Assets/Audio/footstep.mp3 using Guid(8f454a0435a0fc24dbca356085098d8f) Importer(815301076,1909f56bfc062723c751e8b465ee728b)  -> (artifact id: 'c4918dbc7f74aa5315f47c97cf04edc9') in 0.018278 seconds
  Import took 0.021931 seconds .

========================================================================
Received Import Request.
  Time since last request: 0.927881 seconds.
  path: Assets/Audio/flashlight_click.wav
  artifactKey: Guid(b9e1dd7c3e1b55a4eb33bba05475a4c6) Importer(815301076,1909f56bfc062723c751e8b465ee728b)
Start importing Assets/Audio/flashlight_click.wav using Guid(b9e1dd7c3e1b55a4eb33bba05475a4c6) Importer(815301076,1909f56bfc062723c751e8b465ee728b)  -> (artifact id: 'ca66f1b0f734124a51ec8f7a0bd04488') in 0.018959 seconds
  Import took 0.022690 seconds .

========================================================================
Received Import Request.
  Time since last request: 0.242438 seconds.
  path: Assets/Audio/flashlight click small.wav
  artifactKey: Guid(0168b526f8427bd41a63efc8ace2addc) Importer(815301076,1909f56bfc062723c751e8b465ee728b)
Start importing Assets/Audio/flashlight click small.wav using Guid(0168b526f8427bd41a63efc8ace2addc) Importer(815301076,1909f56bfc062723c751e8b465ee728b)  -> (artifact id: '72d27c14e9de3dec9897cb43cd48fcee') in 0.017553 seconds
  Import took 0.021796 seconds .

========================================================================
Received Import Request.
  Time since last request: 0.138056 seconds.
  path: Assets/Audio/error.ogg
  artifactKey: Guid(531c8557560196c4f8539313e04de887) Importer(815301076,1909f56bfc062723c751e8b465ee728b)
Start importing Assets/Audio/error.ogg using Guid(531c8557560196c4f8539313e04de887) Importer(815301076,1909f56bfc062723c751e8b465ee728b)  -> (artifact id: '317023c59b23463adb895c9ddd491d1c') in 0.017181 seconds
  Import took 0.021432 seconds .

========================================================================
Received Import Request.
  Time since last request: 0.183864 seconds.
  path: Assets/Audio/empty.wav
  artifactKey: Guid(bec992b5b9f2e88498715f281263eb10) Importer(815301076,1909f56bfc062723c751e8b465ee728b)
Start importing Assets/Audio/empty.wav using Guid(bec992b5b9f2e88498715f281263eb10) Importer(815301076,1909f56bfc062723c751e8b465ee728b)  -> (artifact id: '54ac45ec84496b968c81e959baa52646') in 0.019942 seconds
  Import took 0.032364 seconds .

========================================================================
Received Import Request.
  Time since last request: 0.153380 seconds.
  path: Assets/Audio/computer-[AudioTrimmer.com].wav
  artifactKey: Guid(d6cfeebca8984da4ebfed1e5385ab68a) Importer(815301076,1909f56bfc062723c751e8b465ee728b)
Start importing Assets/Audio/computer-[AudioTrimmer.com].wav using Guid(d6cfeebca8984da4ebfed1e5385ab68a) Importer(815301076,1909f56bfc062723c751e8b465ee728b)  -> (artifact id: '309aac1d7f53e945a289e1c27a8663fd') in 0.018766 seconds
  Import took 0.022774 seconds .

========================================================================
Received Import Request.
  Time since last request: 0.185362 seconds.
  path: Assets/Audio/Change Weapon.wav
  artifactKey: Guid(219b9a01eae9fb646bc7eddcd93af755) Importer(815301076,1909f56bfc062723c751e8b465ee728b)
Start importing Assets/Audio/Change Weapon.wav using Guid(219b9a01eae9fb646bc7eddcd93af755) Importer(815301076,1909f56bfc062723c751e8b465ee728b)  -> (artifact id: '692cfedfa33a279a647aa9045a7a6cd4') in 0.017841 seconds
  Import took 0.030239 seconds .

========================================================================
Received Import Request.
  Time since last request: 0.467303 seconds.
  path: Assets/Audio/bulletMetalHit.wav
  artifactKey: Guid(38ab959a0d7354d489f9b061a3b05f6f) Importer(815301076,1909f56bfc062723c751e8b465ee728b)
Start importing Assets/Audio/bulletMetalHit.wav using Guid(38ab959a0d7354d489f9b061a3b05f6f) Importer(815301076,1909f56bfc062723c751e8b465ee728b)  -> (artifact id: '93cf6a2846976c689ba738a8ee4f529f') in 0.017923 seconds
  Import took 0.029016 seconds .

========================================================================
Received Import Request.
  Time since last request: 0.000289 seconds.
  path: Assets/Audio/bulletBodyHit.wav
  artifactKey: Guid(347a63e56522ff245aeb6ec3864941fc) Importer(815301076,1909f56bfc062723c751e8b465ee728b)
Start importing Assets/Audio/bulletBodyHit.wav using Guid(347a63e56522ff245aeb6ec3864941fc) Importer(815301076,1909f56bfc062723c751e8b465ee728b)  -> (artifact id: '80b364f3a72780aa9d2e8391656109a9') in 0.017458 seconds
  Import took 0.021020 seconds .

========================================================================
Received Import Request.
  Time since last request: 0.013312 seconds.
  path: Assets/Audio/battery pickup.wav
  artifactKey: Guid(8282e5d51cb3c164584d58fa60cde4be) Importer(815301076,1909f56bfc062723c751e8b465ee728b)
Start importing Assets/Audio/battery pickup.wav using Guid(8282e5d51cb3c164584d58fa60cde4be) Importer(815301076,1909f56bfc062723c751e8b465ee728b)  -> (artifact id: '59008d55539ee69c24a7cf75d42e9fe2') in 0.034646 seconds
  Import took 0.037825 seconds .

========================================================================
Received Import Request.
  Time since last request: 0.058294 seconds.
  path: Assets/Audio/alarm and vacuum.wav
  artifactKey: Guid(faa77d91bc381094d93d9ece594f174e) Importer(815301076,1909f56bfc062723c751e8b465ee728b)
Start importing Assets/Audio/alarm and vacuum.wav using Guid(faa77d91bc381094d93d9ece594f174e) Importer(815301076,1909f56bfc062723c751e8b465ee728b)  -> (artifact id: 'f4d80658deaa9c9a3381fbabfe179aa3') in 0.020679 seconds
  Import took 0.024303 seconds .

========================================================================
Received Import Request.
  Time since last request: 0.005463 seconds.
  path: Assets/Audio/airlock door.mp3
  artifactKey: Guid(00a447d8db9dabb48a9394f54040b52d) Importer(815301076,1909f56bfc062723c751e8b465ee728b)
Start importing Assets/Audio/airlock door.mp3 using Guid(00a447d8db9dabb48a9394f54040b52d) Importer(815301076,1909f56bfc062723c751e8b465ee728b)  -> (artifact id: '5dd4db67f811e71aac83c7db912af53a') in 0.019669 seconds
  Import took 0.023179 seconds .

========================================================================
Received Import Request.
  Time since last request: 0.044137 seconds.
  path: Assets/Audio/413179__micahlg__male-hurt14.ogg
  artifactKey: Guid(48a1264d22ca4cc4d941660e068a9d42) Importer(815301076,1909f56bfc062723c751e8b465ee728b)
Start importing Assets/Audio/413179__micahlg__male-hurt14.ogg using Guid(48a1264d22ca4cc4d941660e068a9d42) Importer(815301076,1909f56bfc062723c751e8b465ee728b)  -> (artifact id: '1f8d3ed56efc04f0814114b4d5bccdbd') in 0.023396 seconds
  Import took 0.027139 seconds .

========================================================================
Received Import Request.
  Time since last request: 0.001898 seconds.
  path: Assets/Audio/413176__micahlg__male-hurt1.ogg
  artifactKey: Guid(c5d2ca549f4ee7f4688f2ffaaa37321f) Importer(815301076,1909f56bfc062723c751e8b465ee728b)
Start importing Assets/Audio/413176__micahlg__male-hurt1.ogg using Guid(c5d2ca549f4ee7f4688f2ffaaa37321f) Importer(815301076,1909f56bfc062723c751e8b465ee728b)  -> (artifact id: 'dc091d43aebb040ee5c51ad17aaf264f') in 0.017960 seconds
  Import took 0.021260 seconds .

========================================================================
Received Import Request.
  Time since last request: 0.007175 seconds.
  path: Assets/Audio/413176__micahlg__male-hurt1.ogg
  artifactKey: Guid(c5d2ca549f4ee7f4688f2ffaaa37321f) Importer(815301076,1909f56bfc062723c751e8b465ee728b)
Start importing Assets/Audio/413176__micahlg__male-hurt1.ogg using Guid(c5d2ca549f4ee7f4688f2ffaaa37321f) Importer(815301076,1909f56bfc062723c751e8b465ee728b)  -> (artifact id: 'dc091d43aebb040ee5c51ad17aaf264f') in 0.015658 seconds
  Import took 0.018581 seconds .

========================================================================
Received Import Request.
  Time since last request: 1.919792 seconds.
  path: Assets/Audio/footsteps.mp3
  artifactKey: Guid(70ff4c7a0c323744789c35799df1249e) Importer(815301076,1909f56bfc062723c751e8b465ee728b)
Start importing Assets/Audio/footsteps.mp3 using Guid(70ff4c7a0c323744789c35799df1249e) Importer(815301076,1909f56bfc062723c751e8b465ee728b)  -> (artifact id: 'b6d5848963a73ee7d4e6fa73ae8ae46c') in 0.017896 seconds
  Import took 0.029929 seconds .

========================================================================
Received Import Request.
  Time since last request: 0.079678 seconds.
  path: Assets/Audio/Lose.ogg
  artifactKey: Guid(822c6b8f462db484992a1652b479f80d) Importer(815301076,1909f56bfc062723c751e8b465ee728b)
Start importing Assets/Audio/Lose.ogg using Guid(822c6b8f462db484992a1652b479f80d) Importer(815301076,1909f56bfc062723c751e8b465ee728b)  -> (artifact id: '832998276a73a4003813c4b9ba58863a') in 0.019843 seconds
  Import took 0.023700 seconds .

========================================================================
Received Import Request.
  Time since last request: 0.003553 seconds.
  path: Assets/Audio/medkit.wav
  artifactKey: Guid(8a58e904ac2a38b429ae4510abcc4f21) Importer(815301076,1909f56bfc062723c751e8b465ee728b)
Start importing Assets/Audio/medkit.wav using Guid(8a58e904ac2a38b429ae4510abcc4f21) Importer(815301076,1909f56bfc062723c751e8b465ee728b)  -> (artifact id: 'b77257c5f7b94d4b2b0509fda0b4a0de') in 0.018999 seconds
  Import took 0.022421 seconds .

========================================================================
Received Import Request.
  Time since last request: 0.006267 seconds.
  path: Assets/Audio/medkit.wav
  artifactKey: Guid(8a58e904ac2a38b429ae4510abcc4f21) Importer(815301076,1909f56bfc062723c751e8b465ee728b)
Start importing Assets/Audio/medkit.wav using Guid(8a58e904ac2a38b429ae4510abcc4f21) Importer(815301076,1909f56bfc062723c751e8b465ee728b)  -> (artifact id: 'b77257c5f7b94d4b2b0509fda0b4a0de') in 0.018705 seconds
  Import took 0.021719 seconds .

========================================================================
Received Import Request.
  Time since last request: 0.046535 seconds.
  path: Assets/Audio/stab.mp3
  artifactKey: Guid(55a29cf9cf808ed4393d920695652cc0) Importer(815301076,1909f56bfc062723c751e8b465ee728b)
Start importing Assets/Audio/stab.mp3 using Guid(55a29cf9cf808ed4393d920695652cc0) Importer(815301076,1909f56bfc062723c751e8b465ee728b)  -> (artifact id: 'e6ffa2e513cd8f4e5d308258e7adee3b') in 0.023423 seconds
  Import took 0.026889 seconds .

========================================================================
Received Import Request.
  Time since last request: 0.003484 seconds.
  path: Assets/Audio/stab_small.mp3
  artifactKey: Guid(cb29fa2b1007ad04f93a132cb5c48a19) Importer(815301076,1909f56bfc062723c751e8b465ee728b)
Start importing Assets/Audio/stab_small.mp3 using Guid(cb29fa2b1007ad04f93a132cb5c48a19) Importer(815301076,1909f56bfc062723c751e8b465ee728b)  -> (artifact id: '4f54a8313d42dc4ef6bef3ebef1933c1') in 0.021662 seconds
  Import took 0.025040 seconds .

========================================================================
Received Import Request.
  Time since last request: 0.008910 seconds.
  path: Assets/Audio/typing-[AudioTrimmer.com].wav
  artifactKey: Guid(0479411d1d6cbcc4d9c362139fc79f97) Importer(815301076,1909f56bfc062723c751e8b465ee728b)
Start importing Assets/Audio/typing-[AudioTrimmer.com].wav using Guid(0479411d1d6cbcc4d9c362139fc79f97) Importer(815301076,1909f56bfc062723c751e8b465ee728b)  -> (artifact id: '04fac06b4cfcf060a8797873c6e1b4e0') in 0.020741 seconds
  Import took 0.024468 seconds .

========================================================================
Received Import Request.
  Time since last request: 0.011248 seconds.
  path: Assets/Audio/vacuum.wav
  artifactKey: Guid(65c464c426612c94cb72b6471f5f134d) Importer(815301076,1909f56bfc062723c751e8b465ee728b)
Start importing Assets/Audio/vacuum.wav using Guid(65c464c426612c94cb72b6471f5f134d) Importer(815301076,1909f56bfc062723c751e8b465ee728b)  -> (artifact id: '3c840c401e69007de94eb922bacb4543') in 0.022367 seconds
  Import took 0.025510 seconds .

========================================================================
Received Import Request.
  Time since last request: 0.013456 seconds.
  path: Assets/Audio/Win.wav
  artifactKey: Guid(642638d8c4be8e84e898c7baf2cc9015) Importer(815301076,1909f56bfc062723c751e8b465ee728b)
Start importing Assets/Audio/Win.wav using Guid(642638d8c4be8e84e898c7baf2cc9015) Importer(815301076,1909f56bfc062723c751e8b465ee728b)  -> (artifact id: '5f70e8c189b80276eeecc2b77b70c7e9') in 0.022219 seconds
  Import took 0.025438 seconds .

========================================================================
Received Import Request.
  Time since last request: 0.007373 seconds.
  path: Assets/Audio/Win.wav
  artifactKey: Guid(642638d8c4be8e84e898c7baf2cc9015) Importer(815301076,1909f56bfc062723c751e8b465ee728b)
Start importing Assets/Audio/Win.wav using Guid(642638d8c4be8e84e898c7baf2cc9015) Importer(815301076,1909f56bfc062723c751e8b465ee728b)  -> (artifact id: '5f70e8c189b80276eeecc2b77b70c7e9') in 0.012593 seconds
  Import took 0.015845 seconds .

========================================================================
Received Import Request.
  Time since last request: 301.461838 seconds.
  path: Assets/Audio/ammo pickup.wav
  artifactKey: Guid(a7d07b4a92386414c89b5adbffe19375) Importer(815301076,1909f56bfc062723c751e8b465ee728b)
Start importing Assets/Audio/ammo pickup.wav using Guid(a7d07b4a92386414c89b5adbffe19375) Importer(815301076,1909f56bfc062723c751e8b465ee728b)  -> (artifact id: '8e3ef30d41c7f1d9d52c36877dbf9490') in 0.016928 seconds
  Import took 0.021167 seconds .

========================================================================
Received Import Request.
  Time since last request: 19.319202 seconds.
  path: Assets/Audio/Alien/261221__slendymangame__creepy-noise.mp3
  artifactKey: Guid(1b73f420f6c3f6a48953d1fa22147e61) Importer(815301076,1909f56bfc062723c751e8b465ee728b)
Start importing Assets/Audio/Alien/261221__slendymangame__creepy-noise.mp3 using Guid(1b73f420f6c3f6a48953d1fa22147e61) Importer(815301076,1909f56bfc062723c751e8b465ee728b)  -> (artifact id: '221dc06f684e955b13d755099290c097') in 0.045107 seconds
  Import took 0.049992 seconds .

========================================================================
Received Import Request.
  Time since last request: 16.830675 seconds.
  path: Assets/Audio/melee sounds/melee sounds/melee.txt
  artifactKey: Guid(006162be8d1514d479966504bdbcbc79) Importer(815301076,1909f56bfc062723c751e8b465ee728b)
Start importing Assets/Audio/melee sounds/melee sounds/melee.txt using Guid(006162be8d1514d479966504bdbcbc79) Importer(815301076,1909f56bfc062723c751e8b465ee728b)  -> (artifact id: 'e581074436e9dc13482d7073453c8385') in 0.014625 seconds
  Import took 0.019152 seconds .

========================================================================
Received Import Request.
  Time since last request: 6.207613 seconds.
  path: Assets/Audio/melee sounds/melee sounds/sword sound.wav
  artifactKey: Guid(7b7e3345fbd695f4f9656b5c8563cb73) Importer(815301076,1909f56bfc062723c751e8b465ee728b)
Start importing Assets/Audio/melee sounds/melee sounds/sword sound.wav using Guid(7b7e3345fbd695f4f9656b5c8563cb73) Importer(815301076,1909f56bfc062723c751e8b465ee728b)  -> (artifact id: '2b3f7946c682450cdc3045bb3f179c65') in 0.063332 seconds
  Import took 0.068028 seconds .

========================================================================
Received Import Request.
  Time since last request: 63.323543 seconds.
  path: Assets/Audio/Owlish Media Sound Effects/Cloth, Rustle/212180__owlstorm__bag-zipper.wav
  artifactKey: Guid(8bb2cd25e5076124c82926fffb3bf150) Importer(815301076,1909f56bfc062723c751e8b465ee728b)
Start importing Assets/Audio/Owlish Media Sound Effects/Cloth, Rustle/212180__owlstorm__bag-zipper.wav using Guid(8bb2cd25e5076124c82926fffb3bf150) Importer(815301076,1909f56bfc062723c751e8b465ee728b)  -> (artifact id: '3c7769ac1d11ba684f956843ed3edac0') in 0.073057 seconds
  Import took 0.077517 seconds .

========================================================================
Received Prepare
Registering precompiled user dll's ...
Registered in 0.001049 seconds.
Begin MonoManager ReloadAssembly
Native extension for WindowsStandalone target not found
Native extension for WebGL target not found
Refreshing native plugins compatible for Editor in 0.65 ms, found 0 plugins.
Preloading 0 native plugins for Editor in 0.00 ms.
Invoked RoslynAnalysisRunner static constructor.
RoslynAnalysisRunner will not be running.
RoslynAnalysisRunner has terminated.
Mono: successfully reloaded assembly
- Completed reload, in  1.246 seconds
Platform modules already initialized, skipping
Shader 'WFX/Transparent Diffuse': fallback shader 'Particles/Alpha Blended' not found
Shader 'WFX/Transparent Specular': fallback shader 'Particles/Alpha Blended' not found
Refreshing native plugins compatible for Editor in 0.57 ms, found 0 plugins.
Preloading 0 native plugins for Editor in 0.00 ms.
Unloading 1568 Unused Serialized files (Serialized files now loaded: 0)
System memory in use before: 158.8 MB.
System memory in use after: 158.6 MB.

Unloading 67 unused Assets to reduce memory usage. Loaded Objects now: 2086.
Total: 2.490900 ms (FindLiveObjects: 0.240200 ms CreateObjectMapping: 0.070500 ms MarkObjects: 1.806400 ms  DeleteObjects: 0.372700 ms)

========================================================================
Received Prepare
Registering precompiled user dll's ...
Registered in 0.001239 seconds.
Begin MonoManager ReloadAssembly
Native extension for WindowsStandalone target not found
Native extension for WebGL target not found
Refreshing native plugins compatible for Editor in 0.55 ms, found 0 plugins.
Preloading 0 native plugins for Editor in 0.00 ms.
Invoked RoslynAnalysisRunner static constructor.
RoslynAnalysisRunner will not be running.
RoslynAnalysisRunner has terminated.
Mono: successfully reloaded assembly
- Completed reload, in  0.856 seconds
Platform modules already initialized, skipping
Shader 'WFX/Transparent Diffuse': fallback shader 'Particles/Alpha Blended' not found
Shader 'WFX/Transparent Specular': fallback shader 'Particles/Alpha Blended' not found
Refreshing native plugins compatible for Editor in 0.63 ms, found 0 plugins.
Preloading 0 native plugins for Editor in 0.00 ms.
Unloading 1568 Unused Serialized files (Serialized files now loaded: 0)
System memory in use before: 158.9 MB.
System memory in use after: 158.6 MB.

Unloading 67 unused Assets to reduce memory usage. Loaded Objects now: 2088.
Total: 2.722100 ms (FindLiveObjects: 0.212400 ms CreateObjectMapping: 0.052400 ms MarkObjects: 2.078800 ms  DeleteObjects: 0.377200 ms)

========================================================================
Received Prepare
Registering precompiled user dll's ...
Registered in 0.001114 seconds.
Begin MonoManager ReloadAssembly
Native extension for WindowsStandalone target not found
Native extension for WebGL target not found
Refreshing native plugins compatible for Editor in 0.56 ms, found 0 plugins.
Preloading 0 native plugins for Editor in 0.00 ms.
Invoked RoslynAnalysisRunner static constructor.
RoslynAnalysisRunner will not be running.
RoslynAnalysisRunner has terminated.
Mono: successfully reloaded assembly
- Completed reload, in  0.829 seconds
Platform modules already initialized, skipping
Shader 'WFX/Transparent Diffuse': fallback shader 'Particles/Alpha Blended' not found
Shader 'WFX/Transparent Specular': fallback shader 'Particles/Alpha Blended' not found
Refreshing native plugins compatible for Editor in 0.55 ms, found 0 plugins.
Preloading 0 native plugins for Editor in 0.00 ms.
Unloading 1568 Unused Serialized files (Serialized files now loaded: 0)
System memory in use before: 158.9 MB.
System memory in use after: 158.6 MB.

Unloading 67 unused Assets to reduce memory usage. Loaded Objects now: 2090.
Total: 9.181300 ms (FindLiveObjects: 0.553300 ms CreateObjectMapping: 0.220400 ms MarkObjects: 7.438200 ms  DeleteObjects: 0.965600 ms)

========================================================================
Received Prepare
Registering precompiled user dll's ...
Registered in 0.001688 seconds.
Begin MonoManager ReloadAssembly
Native extension for WindowsStandalone target not found
Native extension for WebGL target not found
Refreshing native plugins compatible for Editor in 0.74 ms, found 0 plugins.
Preloading 0 native plugins for Editor in 0.00 ms.
Invoked RoslynAnalysisRunner static constructor.
RoslynAnalysisRunner will not be running.
RoslynAnalysisRunner has terminated.
Mono: successfully reloaded assembly
- Completed reload, in  0.934 seconds
Platform modules already initialized, skipping
Shader 'WFX/Transparent Diffuse': fallback shader 'Particles/Alpha Blended' not found
Shader 'WFX/Transparent Specular': fallback shader 'Particles/Alpha Blended' not found
Refreshing native plugins compatible for Editor in 0.56 ms, found 0 plugins.
Preloading 0 native plugins for Editor in 0.00 ms.
Unloading 1568 Unused Serialized files (Serialized files now loaded: 0)
System memory in use before: 158.9 MB.
System memory in use after: 158.7 MB.

Unloading 67 unused Assets to reduce memory usage. Loaded Objects now: 2092.
Total: 4.273200 ms (FindLiveObjects: 0.332300 ms CreateObjectMapping: 0.134700 ms MarkObjects: 3.383600 ms  DeleteObjects: 0.420400 ms)

========================================================================
Received Prepare
Registering precompiled user dll's ...
Registered in 0.001112 seconds.
Begin MonoManager ReloadAssembly
Native extension for WindowsStandalone target not found
Native extension for WebGL target not found
Refreshing native plugins compatible for Editor in 0.58 ms, found 0 plugins.
Preloading 0 native plugins for Editor in 0.00 ms.
Invoked RoslynAnalysisRunner static constructor.
RoslynAnalysisRunner will not be running.
RoslynAnalysisRunner has terminated.
Mono: successfully reloaded assembly
- Completed reload, in  0.817 seconds
Platform modules already initialized, skipping
Shader 'WFX/Transparent Diffuse': fallback shader 'Particles/Alpha Blended' not found
Shader 'WFX/Transparent Specular': fallback shader 'Particles/Alpha Blended' not found
Refreshing native plugins compatible for Editor in 1.02 ms, found 0 plugins.
Preloading 0 native plugins for Editor in 0.00 ms.
Unloading 1568 Unused Serialized files (Serialized files now loaded: 0)
System memory in use before: 158.9 MB.
System memory in use after: 158.7 MB.

Unloading 67 unused Assets to reduce memory usage. Loaded Objects now: 2094.
Total: 2.718000 ms (FindLiveObjects: 0.360300 ms CreateObjectMapping: 0.112000 ms MarkObjects: 1.819200 ms  DeleteObjects: 0.425100 ms)

========================================================================
Received Prepare
Registering precompiled user dll's ...
Registered in 0.001103 seconds.
Begin MonoManager ReloadAssembly
Native extension for WindowsStandalone target not found
Native extension for WebGL target not found
Refreshing native plugins compatible for Editor in 0.54 ms, found 0 plugins.
Preloading 0 native plugins for Editor in 0.00 ms.
Invoked RoslynAnalysisRunner static constructor.
RoslynAnalysisRunner will not be running.
RoslynAnalysisRunner has terminated.
Mono: successfully reloaded assembly
- Completed reload, in  0.876 seconds
Platform modules already initialized, skipping
Shader 'WFX/Transparent Diffuse': fallback shader 'Particles/Alpha Blended' not found
Shader 'WFX/Transparent Specular': fallback shader 'Particles/Alpha Blended' not found
Refreshing native plugins compatible for Editor in 0.57 ms, found 0 plugins.
Preloading 0 native plugins for Editor in 0.00 ms.
Unloading 1568 Unused Serialized files (Serialized files now loaded: 0)
System memory in use before: 158.9 MB.
System memory in use after: 158.7 MB.

Unloading 67 unused Assets to reduce memory usage. Loaded Objects now: 2096.
Total: 2.817100 ms (FindLiveObjects: 0.204400 ms CreateObjectMapping: 0.057700 ms MarkObjects: 2.154800 ms  DeleteObjects: 0.398900 ms)

========================================================================
Received Prepare
Registering precompiled user dll's ...
Registered in 0.001099 seconds.
Begin MonoManager ReloadAssembly
Native extension for WindowsStandalone target not found
Native extension for WebGL target not found
Refreshing native plugins compatible for Editor in 0.54 ms, found 0 plugins.
Preloading 0 native plugins for Editor in 0.00 ms.
Invoked RoslynAnalysisRunner static constructor.
RoslynAnalysisRunner will not be running.
RoslynAnalysisRunner has terminated.
Mono: successfully reloaded assembly
- Completed reload, in  0.815 seconds
Platform modules already initialized, skipping
Shader 'WFX/Transparent Diffuse': fallback shader 'Particles/Alpha Blended' not found
Shader 'WFX/Transparent Specular': fallback shader 'Particles/Alpha Blended' not found
Refreshing native plugins compatible for Editor in 0.62 ms, found 0 plugins.
Preloading 0 native plugins for Editor in 0.00 ms.
Unloading 1568 Unused Serialized files (Serialized files now loaded: 0)
System memory in use before: 158.9 MB.
System memory in use after: 158.7 MB.

Unloading 67 unused Assets to reduce memory usage. Loaded Objects now: 2098.
Total: 2.408800 ms (FindLiveObjects: 0.164500 ms CreateObjectMapping: 0.050300 ms MarkObjects: 1.814000 ms  DeleteObjects: 0.379300 ms)

AssetImportWorkerClient::OnTransportError - code=2 error=End of file
