Using pre-set license
Built from '2020.2/release' branch; Version is '2020.2.4f1 (becced5a802b) revision 12504301'; Using compiler version '192528614'; Build Type 'Release'
OS: 'Windows 10 Home; OS build 18363.1316; Version 1909; 64bit' Language: 'en' Physical Memory: 16226 MB
BatchMode: 1, IsHumanControllingUs: 0, StartBugReporterOnCrash: 0, Is64bit: 1, IsPro: 0

 COMMAND LINE ARGUMENTS:
C:\Program Files\Unity\Hub\Editor\2020.2.4f1\Editor\Unity.exe
-adb2
-batchMode
-noUpm
-name
AssetImportWorker2
-projectPath
C:/Users/khfre/Documents/GameDev/Unity3DCourse/Unity3DGames/LostInSpace
-logFile
Logs/AssetImportWorker2.log
-srvPort
51471
Successfully changed project path to: C:/Users/khfre/Documents/GameDev/Unity3DCourse/Unity3DGames/LostInSpace
C:/Users/khfre/Documents/GameDev/Unity3DCourse/Unity3DGames/LostInSpace
Using Asset Import Pipeline V2.
Refreshing native plugins compatible for Editor in 71.49 ms, found 0 plugins.
Preloading 0 native plugins for Editor in 0.00 ms.
Initialize engine version: 2020.2.4f1 (becced5a802b)
[Subsystems] Discovering subsystems at path C:/Program Files/Unity/Hub/Editor/2020.2.4f1/Editor/Data/Resources/UnitySubsystems
[Subsystems] Discovering subsystems at path C:/Users/khfre/Documents/GameDev/Unity3DCourse/Unity3DGames/LostInSpace/Assets
GfxDevice: creating device client; threaded=0
Direct3D:
    Version:  Direct3D 11.0 [level 11.1]
    Renderer: NVIDIA GeForce MX150 (ID=0x1d12)
    Vendor:   
    VRAM:     1994 MB
    Driver:   23.21.13.8892
Shader 'WFX/Transparent Specular': fallback shader 'Particles/Alpha Blended' not found
Shader 'WFX/Transparent Diffuse': fallback shader 'Particles/Alpha Blended' not found
Initialize mono
Mono path[0] = 'C:/Program Files/Unity/Hub/Editor/2020.2.4f1/Editor/Data/Managed'
Mono path[1] = 'C:/Program Files/Unity/Hub/Editor/2020.2.4f1/Editor/Data/MonoBleedingEdge/lib/mono/unityjit'
Mono config path = 'C:/Program Files/Unity/Hub/Editor/2020.2.4f1/Editor/Data/MonoBleedingEdge/etc'
Using monoOptions --debugger-agent=transport=dt_socket,embedding=1,server=y,suspend=n,address=127.0.0.1:56456
Begin MonoManager ReloadAssembly
Registering precompiled unity dll's ...
Register platform support module: C:/Program Files/Unity/Hub/Editor/2020.2.4f1/Editor/Data/PlaybackEngines/WebGLSupport/UnityEditor.WebGL.Extensions.dll
Register platform support module: C:/Program Files/Unity/Hub/Editor/2020.2.4f1/Editor/Data/PlaybackEngines/WindowsStandaloneSupport/UnityEditor.WindowsStandalone.Extensions.dll
Registered in 0.002589 seconds.
Native extension for WindowsStandalone target not found
Native extension for WebGL target not found
Refreshing native plugins compatible for Editor in 56.97 ms, found 0 plugins.
Preloading 0 native plugins for Editor in 0.00 ms.
Invoked RoslynAnalysisRunner static constructor.
RoslynAnalysisRunner will not be running.
RoslynAnalysisRunner has terminated.
Mono: successfully reloaded assembly
- Completed reload, in  2.893 seconds
Platform modules already initialized, skipping
Registering precompiled user dll's ...
Registered in 0.001048 seconds.
Begin MonoManager ReloadAssembly
Native extension for WindowsStandalone target not found
Native extension for WebGL target not found
Refreshing native plugins compatible for Editor in 0.57 ms, found 0 plugins.
Preloading 0 native plugins for Editor in 0.00 ms.
Invoked RoslynAnalysisRunner static constructor.
RoslynAnalysisRunner will not be running.
RoslynAnalysisRunner has terminated.
Mono: successfully reloaded assembly
- Completed reload, in  1.061 seconds
Platform modules already initialized, skipping
========================================================================
Worker process is ready to serve import requests
Shader 'WFX/Transparent Diffuse': fallback shader 'Particles/Alpha Blended' not found
Shader 'WFX/Transparent Specular': fallback shader 'Particles/Alpha Blended' not found
Launched and connected shader compiler UnityShaderCompiler.exe after 0.09 seconds
Refreshing native plugins compatible for Editor in 0.57 ms, found 0 plugins.
Preloading 0 native plugins for Editor in 0.00 ms.
Unloading 1624 Unused Serialized files (Serialized files now loaded: 0)
System memory in use before: 159.6 MB.
System memory in use after: 159.4 MB.

Unloading 72 unused Assets to reduce memory usage. Loaded Objects now: 2075.
Total: 5.118000 ms (FindLiveObjects: 0.370500 ms CreateObjectMapping: 0.172400 ms MarkObjects: 3.778900 ms  DeleteObjects: 0.793700 ms)

========================================================================
Received Import Request.
  path: Assets/Prefabs/Props/WorkLight.prefab
  artifactKey: Guid(0dd137872bec6e04aaaaa2b3e9f3c5a7) Importer(815301076,1909f56bfc062723c751e8b465ee728b)
Start importing Assets/Prefabs/Props/WorkLight.prefab using Guid(0dd137872bec6e04aaaaa2b3e9f3c5a7) Importer(815301076,1909f56bfc062723c751e8b465ee728b)  -> (artifact id: '522a5ae94ddae6ae73abfe5e66c8304c') in 0.165344 seconds
  Import took 0.169211 seconds .

========================================================================
Received Import Request.
  Time since last request: 12.735859 seconds.
  path: Assets/Prefabs/Props/WorkLight.prefab
  artifactKey: Guid(0dd137872bec6e04aaaaa2b3e9f3c5a7) Importer(815301076,1909f56bfc062723c751e8b465ee728b)
Start importing Assets/Prefabs/Props/WorkLight.prefab using Guid(0dd137872bec6e04aaaaa2b3e9f3c5a7) Importer(815301076,1909f56bfc062723c751e8b465ee728b)  -> (artifact id: '7a14d570fd396e5a305aaf2698aa83a2') in 0.027822 seconds
  Import took 0.033906 seconds .

========================================================================
Received Import Request.
  Time since last request: 0.007027 seconds.
  path: Assets/Prefabs/Props/WorkLight.prefab
  artifactKey: Guid(0dd137872bec6e04aaaaa2b3e9f3c5a7) Importer(815301076,1909f56bfc062723c751e8b465ee728b)
Start importing Assets/Prefabs/Props/WorkLight.prefab using Guid(0dd137872bec6e04aaaaa2b3e9f3c5a7) Importer(815301076,1909f56bfc062723c751e8b465ee728b)  -> (artifact id: '7a14d570fd396e5a305aaf2698aa83a2') in 0.019602 seconds
  Import took 0.024126 seconds .

========================================================================
Received Prepare
Registering precompiled user dll's ...
Registered in 0.001264 seconds.
Begin MonoManager ReloadAssembly
Native extension for WindowsStandalone target not found
Native extension for WebGL target not found
Refreshing native plugins compatible for Editor in 1.03 ms, found 0 plugins.
Preloading 0 native plugins for Editor in 0.00 ms.
Invoked RoslynAnalysisRunner static constructor.
RoslynAnalysisRunner will not be running.
RoslynAnalysisRunner has terminated.
Mono: successfully reloaded assembly
- Completed reload, in  1.412 seconds
Platform modules already initialized, skipping
Shader 'WFX/Transparent Diffuse': fallback shader 'Particles/Alpha Blended' not found
Shader 'WFX/Transparent Specular': fallback shader 'Particles/Alpha Blended' not found
Refreshing native plugins compatible for Editor in 1.46 ms, found 0 plugins.
Preloading 0 native plugins for Editor in 0.00 ms.
Unloading 1568 Unused Serialized files (Serialized files now loaded: 0)
System memory in use before: 158.7 MB.
System memory in use after: 158.5 MB.

Unloading 67 unused Assets to reduce memory usage. Loaded Objects now: 2084.
Total: 3.787700 ms (FindLiveObjects: 0.236400 ms CreateObjectMapping: 0.072500 ms MarkObjects: 2.899800 ms  DeleteObjects: 0.576800 ms)

========================================================================
Received Import Request.
  Time since last request: 188.915540 seconds.
  path: Assets/Prefabs/Props/WorkLight.prefab
  artifactKey: Guid(0dd137872bec6e04aaaaa2b3e9f3c5a7) Importer(815301076,1909f56bfc062723c751e8b465ee728b)
Start importing Assets/Prefabs/Props/WorkLight.prefab using Guid(0dd137872bec6e04aaaaa2b3e9f3c5a7) Importer(815301076,1909f56bfc062723c751e8b465ee728b)  -> (artifact id: '17f69abf5763ab9fe7e039503eebcc63') in 0.089344 seconds
  Import took 0.094811 seconds .

========================================================================
Received Import Request.
  Time since last request: 20.663752 seconds.
  path: Assets/Prefabs/Props/Scaffolding.prefab
  artifactKey: Guid(4707581494a4031438fbad227829f0db) Importer(815301076,1909f56bfc062723c751e8b465ee728b)
Start importing Assets/Prefabs/Props/Scaffolding.prefab using Guid(4707581494a4031438fbad227829f0db) Importer(815301076,1909f56bfc062723c751e8b465ee728b)  -> (artifact id: '90fb6f79b35f921dd546df8b1ef1e8d9') in 0.052086 seconds
  Import took 0.055855 seconds .

========================================================================
Received Import Request.
  Time since last request: 64.962755 seconds.
  path: Assets/Prefabs/Props/Ibeam.prefab
  artifactKey: Guid(56cb3482401e6f44791afe77eb0c33d6) Importer(815301076,1909f56bfc062723c751e8b465ee728b)
Start importing Assets/Prefabs/Props/Ibeam.prefab using Guid(56cb3482401e6f44791afe77eb0c33d6) Importer(815301076,1909f56bfc062723c751e8b465ee728b)  -> (artifact id: '9839cf8007a374437c3abff5a9988152') in 0.053899 seconds
  Import took 0.058202 seconds .

========================================================================
Received Import Request.
  Time since last request: 1.157993 seconds.
  path: Assets/Prefabs/Props/pallet2.prefab
  artifactKey: Guid(7260bcfd3e8d1774fbb6e6cb8ef1f5ee) Importer(815301076,1909f56bfc062723c751e8b465ee728b)
Start importing Assets/Prefabs/Props/pallet2.prefab using Guid(7260bcfd3e8d1774fbb6e6cb8ef1f5ee) Importer(815301076,1909f56bfc062723c751e8b465ee728b)  -> (artifact id: 'b850256f6a20a7d03aba4b9634d3628d') in 0.039979 seconds
  Import took 0.043651 seconds .

========================================================================
Received Import Request.
  Time since last request: 0.771061 seconds.
  path: Assets/Prefabs/Props/PalletJack.prefab
  artifactKey: Guid(bd12278208b1cb2439520aa9a587592b) Importer(815301076,1909f56bfc062723c751e8b465ee728b)
Start importing Assets/Prefabs/Props/PalletJack.prefab using Guid(bd12278208b1cb2439520aa9a587592b) Importer(815301076,1909f56bfc062723c751e8b465ee728b)  -> (artifact id: 'fadcb6b5b460aec0c767c1d9abc5f830') in 0.079219 seconds
  Import took 0.084130 seconds .

========================================================================
Received Import Request.
  Time since last request: 0.001837 seconds.
  path: Assets/Prefabs/Props/PalletJack.prefab
  artifactKey: Guid(bd12278208b1cb2439520aa9a587592b) Importer(815301076,1909f56bfc062723c751e8b465ee728b)
Start importing Assets/Prefabs/Props/PalletJack.prefab using Guid(bd12278208b1cb2439520aa9a587592b) Importer(815301076,1909f56bfc062723c751e8b465ee728b)  -> (artifact id: 'fadcb6b5b460aec0c767c1d9abc5f830') in 0.067401 seconds
  Import took 0.071494 seconds .

========================================================================
Received Import Request.
  Time since last request: 0.600584 seconds.
  path: Assets/Prefabs/Props/Scaffolding.prefab
  artifactKey: Guid(4707581494a4031438fbad227829f0db) Importer(815301076,1909f56bfc062723c751e8b465ee728b)
Start importing Assets/Prefabs/Props/Scaffolding.prefab using Guid(4707581494a4031438fbad227829f0db) Importer(815301076,1909f56bfc062723c751e8b465ee728b)  -> (artifact id: 'ae6798499ff316915ae4ba4f6787bdaa') in 0.017368 seconds
  Import took 0.023157 seconds .

========================================================================
Received Import Request.
  Time since last request: 0.009321 seconds.
  path: Assets/Prefabs/Props/Scaffolding.prefab
  artifactKey: Guid(4707581494a4031438fbad227829f0db) Importer(815301076,1909f56bfc062723c751e8b465ee728b)
Start importing Assets/Prefabs/Props/Scaffolding.prefab using Guid(4707581494a4031438fbad227829f0db) Importer(815301076,1909f56bfc062723c751e8b465ee728b)  -> (artifact id: 'ae6798499ff316915ae4ba4f6787bdaa') in 0.019104 seconds
  Import took 0.023954 seconds .

========================================================================
Received Import Request.
  Time since last request: 0.914078 seconds.
  path: Assets/Prefabs/Props/WaterTank.prefab
  artifactKey: Guid(28b84caef8a775346bad0707768b08d0) Importer(815301076,1909f56bfc062723c751e8b465ee728b)
Start importing Assets/Prefabs/Props/WaterTank.prefab using Guid(28b84caef8a775346bad0707768b08d0) Importer(815301076,1909f56bfc062723c751e8b465ee728b)  -> (artifact id: 'c0456c5a1cb6c1d5c3b0cab2808a6041') in 0.051555 seconds
  Import took 0.056344 seconds .

========================================================================
Received Import Request.
  Time since last request: 0.860367 seconds.
  path: Assets/Prefabs/Props/WoodenCableDrum.prefab
  artifactKey: Guid(b6270179b89275543ba032d6176dfa81) Importer(815301076,1909f56bfc062723c751e8b465ee728b)
Start importing Assets/Prefabs/Props/WoodenCableDrum.prefab using Guid(b6270179b89275543ba032d6176dfa81) Importer(815301076,1909f56bfc062723c751e8b465ee728b)  -> (artifact id: '235fdc2009b189c0f1b9ab985ab32acc') in 0.093763 seconds
  Import took 0.098889 seconds .

========================================================================
Received Import Request.
  Time since last request: 1.452908 seconds.
  path: Assets/Prefabs/Props/WoodPlanks.prefab
  artifactKey: Guid(7d5203bee65999746a2724a098910ec2) Importer(815301076,1909f56bfc062723c751e8b465ee728b)
Start importing Assets/Prefabs/Props/WoodPlanks.prefab using Guid(7d5203bee65999746a2724a098910ec2) Importer(815301076,1909f56bfc062723c751e8b465ee728b)  -> (artifact id: '4d3548a22ee3529f1f9eb04c589cf52f') in 0.187282 seconds
  Import took 0.194770 seconds .

========================================================================
Received Import Request.
  Time since last request: 71.748117 seconds.
  path: Assets/Prefabs/Props/Barrel_Plastic.prefab
  artifactKey: Guid(99ccec2645722c547832b04a89fce1d3) Importer(815301076,1909f56bfc062723c751e8b465ee728b)
Start importing Assets/Prefabs/Props/Barrel_Plastic.prefab using Guid(99ccec2645722c547832b04a89fce1d3) Importer(815301076,1909f56bfc062723c751e8b465ee728b)  -> (artifact id: '94c4118af580ac2868981c7932906a04') in 0.082288 seconds
  Import took 0.086833 seconds .

========================================================================
Received Import Request.
  Time since last request: 0.242223 seconds.
  path: Assets/Prefabs/Props/Barrel_Red.prefab
  artifactKey: Guid(dfec7a4606336714296c349586c1ff31) Importer(815301076,1909f56bfc062723c751e8b465ee728b)
Start importing Assets/Prefabs/Props/Barrel_Red.prefab using Guid(dfec7a4606336714296c349586c1ff31) Importer(815301076,1909f56bfc062723c751e8b465ee728b)  -> (artifact id: '78d731ef86de5cc3827375d4cae6a6eb') in 0.071060 seconds
  Import took 0.075276 seconds .

========================================================================
Received Import Request.
  Time since last request: 291.464456 seconds.
  path: Assets/Prefabs/Props/ConcreteTubes.prefab
  artifactKey: Guid(3feea208febe63b4f91085a75560d00a) Importer(815301076,1909f56bfc062723c751e8b465ee728b)
Start importing Assets/Prefabs/Props/ConcreteTubes.prefab using Guid(3feea208febe63b4f91085a75560d00a) Importer(815301076,1909f56bfc062723c751e8b465ee728b)  -> (artifact id: 'fc495e2fc8d6d193a38afbbca3a4d455') in 0.133212 seconds
  Import took 0.138881 seconds .

========================================================================
Received Import Request.
  Time since last request: 0.988478 seconds.
  path: Assets/Prefabs/Props/ConstructionCone.prefab
  artifactKey: Guid(c0a97f89f66be1840abe0471300c737f) Importer(815301076,1909f56bfc062723c751e8b465ee728b)
Start importing Assets/Prefabs/Props/ConstructionCone.prefab using Guid(c0a97f89f66be1840abe0471300c737f) Importer(815301076,1909f56bfc062723c751e8b465ee728b)  -> (artifact id: '5c7e66306d188bc0ee49a7780b99cc56') in 0.031594 seconds
  Import took 0.035421 seconds .

========================================================================
Received Import Request.
  Time since last request: 2.645795 seconds.
  path: Assets/Prefabs/Props/OxygenTank.prefab
  artifactKey: Guid(d42ca8e86419e394e8ee7cebf0c338e3) Importer(815301076,1909f56bfc062723c751e8b465ee728b)
Start importing Assets/Prefabs/Props/OxygenTank.prefab using Guid(d42ca8e86419e394e8ee7cebf0c338e3) Importer(815301076,1909f56bfc062723c751e8b465ee728b)  -> (artifact id: '487c83810766e1262cdf44181c204203') in 0.052581 seconds
  Import took 0.056066 seconds .

========================================================================
Received Import Request.
  Time since last request: 89.255209 seconds.
  path: Assets/Prefabs/Props/WaterTank.prefab
  artifactKey: Guid(28b84caef8a775346bad0707768b08d0) Importer(815301076,1909f56bfc062723c751e8b465ee728b)
Start importing Assets/Prefabs/Props/WaterTank.prefab using Guid(28b84caef8a775346bad0707768b08d0) Importer(815301076,1909f56bfc062723c751e8b465ee728b)  -> (artifact id: '9cda0b9881d50de416e895c2e2450a30') in 0.034805 seconds
  Import took 0.041124 seconds .

========================================================================
Received Import Request.
  Time since last request: 0.009200 seconds.
  path: Assets/Prefabs/Props/WaterTank.prefab
  artifactKey: Guid(28b84caef8a775346bad0707768b08d0) Importer(815301076,1909f56bfc062723c751e8b465ee728b)
Start importing Assets/Prefabs/Props/WaterTank.prefab using Guid(28b84caef8a775346bad0707768b08d0) Importer(815301076,1909f56bfc062723c751e8b465ee728b)  -> (artifact id: '9cda0b9881d50de416e895c2e2450a30') in 0.033229 seconds
  Import took 0.039217 seconds .

========================================================================
Received Import Request.
  Time since last request: 0.834495 seconds.
  path: Assets/Prefabs/Props/PalletJack.prefab
  artifactKey: Guid(bd12278208b1cb2439520aa9a587592b) Importer(815301076,1909f56bfc062723c751e8b465ee728b)
Start importing Assets/Prefabs/Props/PalletJack.prefab using Guid(bd12278208b1cb2439520aa9a587592b) Importer(815301076,1909f56bfc062723c751e8b465ee728b)  -> (artifact id: 'a3d9af8219596544e7e1d30ad3141691') in 0.044017 seconds
  Import took 0.056215 seconds .

========================================================================
Received Import Request.
  Time since last request: 1006.101058 seconds.
  path: Assets/Prefabs/Props/ConcreteTubes.prefab
  artifactKey: Guid(3feea208febe63b4f91085a75560d00a) Importer(815301076,1909f56bfc062723c751e8b465ee728b)
Start importing Assets/Prefabs/Props/ConcreteTubes.prefab using Guid(3feea208febe63b4f91085a75560d00a) Importer(815301076,1909f56bfc062723c751e8b465ee728b)  -> (artifact id: 'fb85893cf50ff23c49cef2c27434cca0') in 0.048630 seconds
  Import took 0.054615 seconds .

========================================================================
Received Prepare
Registering precompiled user dll's ...
Registered in 0.001231 seconds.
Begin MonoManager ReloadAssembly
Native extension for WindowsStandalone target not found
Native extension for WebGL target not found
Refreshing native plugins compatible for Editor in 0.76 ms, found 0 plugins.
Preloading 0 native plugins for Editor in 0.00 ms.
Invoked RoslynAnalysisRunner static constructor.
RoslynAnalysisRunner will not be running.
RoslynAnalysisRunner has terminated.
Mono: successfully reloaded assembly
- Completed reload, in  1.497 seconds
Platform modules already initialized, skipping
Shader 'WFX/Transparent Diffuse': fallback shader 'Particles/Alpha Blended' not found
Shader 'WFX/Transparent Specular': fallback shader 'Particles/Alpha Blended' not found
Refreshing native plugins compatible for Editor in 0.79 ms, found 0 plugins.
Preloading 0 native plugins for Editor in 0.00 ms.
Unloading 1568 Unused Serialized files (Serialized files now loaded: 0)
System memory in use before: 158.9 MB.
System memory in use after: 158.7 MB.

Unloading 67 unused Assets to reduce memory usage. Loaded Objects now: 2087.
Total: 3.546200 ms (FindLiveObjects: 0.263300 ms CreateObjectMapping: 0.100100 ms MarkObjects: 2.614000 ms  DeleteObjects: 0.566500 ms)

========================================================================
Received Prepare
Registering precompiled user dll's ...
Registered in 0.001624 seconds.
Begin MonoManager ReloadAssembly
Native extension for WindowsStandalone target not found
Native extension for WebGL target not found
Refreshing native plugins compatible for Editor in 1.46 ms, found 0 plugins.
Preloading 0 native plugins for Editor in 0.00 ms.
Invoked RoslynAnalysisRunner static constructor.
RoslynAnalysisRunner will not be running.
RoslynAnalysisRunner has terminated.
Mono: successfully reloaded assembly
- Completed reload, in  2.353 seconds
Platform modules already initialized, skipping
Shader 'WFX/Transparent Diffuse': fallback shader 'Particles/Alpha Blended' not found
Shader 'WFX/Transparent Specular': fallback shader 'Particles/Alpha Blended' not found
Refreshing native plugins compatible for Editor in 0.87 ms, found 0 plugins.
Preloading 0 native plugins for Editor in 0.00 ms.
Unloading 1568 Unused Serialized files (Serialized files now loaded: 0)
System memory in use before: 158.9 MB.
System memory in use after: 158.7 MB.

Unloading 67 unused Assets to reduce memory usage. Loaded Objects now: 2089.
Total: 4.867000 ms (FindLiveObjects: 0.275300 ms CreateObjectMapping: 0.107000 ms MarkObjects: 3.867100 ms  DeleteObjects: 0.615700 ms)

========================================================================
Received Prepare
Registering precompiled user dll's ...
Registered in 0.001102 seconds.
Begin MonoManager ReloadAssembly
Native extension for WindowsStandalone target not found
Native extension for WebGL target not found
Refreshing native plugins compatible for Editor in 0.58 ms, found 0 plugins.
Preloading 0 native plugins for Editor in 0.00 ms.
Invoked RoslynAnalysisRunner static constructor.
RoslynAnalysisRunner will not be running.
RoslynAnalysisRunner has terminated.
Mono: successfully reloaded assembly
- Completed reload, in  0.879 seconds
Platform modules already initialized, skipping
Shader 'WFX/Transparent Diffuse': fallback shader 'Particles/Alpha Blended' not found
Shader 'WFX/Transparent Specular': fallback shader 'Particles/Alpha Blended' not found
Refreshing native plugins compatible for Editor in 0.56 ms, found 0 plugins.
Preloading 0 native plugins for Editor in 0.00 ms.
Unloading 1568 Unused Serialized files (Serialized files now loaded: 0)
System memory in use before: 158.9 MB.
System memory in use after: 158.7 MB.

Unloading 67 unused Assets to reduce memory usage. Loaded Objects now: 2091.
Total: 2.875700 ms (FindLiveObjects: 0.228600 ms CreateObjectMapping: 0.055000 ms MarkObjects: 2.197100 ms  DeleteObjects: 0.393600 ms)

========================================================================
Received Prepare
Registering precompiled user dll's ...
Registered in 0.001147 seconds.
Begin MonoManager ReloadAssembly
Native extension for WindowsStandalone target not found
Native extension for WebGL target not found
Refreshing native plugins compatible for Editor in 0.92 ms, found 0 plugins.
Preloading 0 native plugins for Editor in 0.00 ms.
Invoked RoslynAnalysisRunner static constructor.
RoslynAnalysisRunner will not be running.
RoslynAnalysisRunner has terminated.
Mono: successfully reloaded assembly
- Completed reload, in  1.053 seconds
Platform modules already initialized, skipping
Shader 'WFX/Transparent Diffuse': fallback shader 'Particles/Alpha Blended' not found
Shader 'WFX/Transparent Specular': fallback shader 'Particles/Alpha Blended' not found
Refreshing native plugins compatible for Editor in 0.62 ms, found 0 plugins.
Preloading 0 native plugins for Editor in 0.00 ms.
Unloading 1568 Unused Serialized files (Serialized files now loaded: 0)
System memory in use before: 158.9 MB.
System memory in use after: 158.7 MB.

Unloading 67 unused Assets to reduce memory usage. Loaded Objects now: 2093.
Total: 4.095200 ms (FindLiveObjects: 0.305500 ms CreateObjectMapping: 0.090600 ms MarkObjects: 3.121200 ms  DeleteObjects: 0.575400 ms)

========================================================================
Received Prepare
Registering precompiled user dll's ...
Registered in 0.001428 seconds.
Begin MonoManager ReloadAssembly
Native extension for WindowsStandalone target not found
Native extension for WebGL target not found
Refreshing native plugins compatible for Editor in 0.80 ms, found 0 plugins.
Preloading 0 native plugins for Editor in 0.00 ms.
Invoked RoslynAnalysisRunner static constructor.
RoslynAnalysisRunner will not be running.
RoslynAnalysisRunner has terminated.
Mono: successfully reloaded assembly
- Completed reload, in  1.455 seconds
Platform modules already initialized, skipping
Shader 'WFX/Transparent Diffuse': fallback shader 'Particles/Alpha Blended' not found
Shader 'WFX/Transparent Specular': fallback shader 'Particles/Alpha Blended' not found
Refreshing native plugins compatible for Editor in 0.91 ms, found 0 plugins.
Preloading 0 native plugins for Editor in 0.00 ms.
Unloading 1568 Unused Serialized files (Serialized files now loaded: 0)
System memory in use before: 158.9 MB.
System memory in use after: 158.7 MB.

Unloading 67 unused Assets to reduce memory usage. Loaded Objects now: 2095.
Total: 5.084500 ms (FindLiveObjects: 0.323000 ms CreateObjectMapping: 0.102900 ms MarkObjects: 3.873600 ms  DeleteObjects: 0.782300 ms)

========================================================================
Received Prepare
Registering precompiled user dll's ...
Registered in 0.001438 seconds.
Begin MonoManager ReloadAssembly
Native extension for WindowsStandalone target not found
Native extension for WebGL target not found
Refreshing native plugins compatible for Editor in 0.74 ms, found 0 plugins.
Preloading 0 native plugins for Editor in 0.00 ms.
Invoked RoslynAnalysisRunner static constructor.
RoslynAnalysisRunner will not be running.
RoslynAnalysisRunner has terminated.
Mono: successfully reloaded assembly
- Completed reload, in  1.379 seconds
Platform modules already initialized, skipping
Shader 'WFX/Transparent Diffuse': fallback shader 'Particles/Alpha Blended' not found
Shader 'WFX/Transparent Specular': fallback shader 'Particles/Alpha Blended' not found
Refreshing native plugins compatible for Editor in 0.74 ms, found 0 plugins.
Preloading 0 native plugins for Editor in 0.00 ms.
Unloading 1568 Unused Serialized files (Serialized files now loaded: 0)
System memory in use before: 158.9 MB.
System memory in use after: 158.7 MB.

Unloading 67 unused Assets to reduce memory usage. Loaded Objects now: 2097.
Total: 4.443100 ms (FindLiveObjects: 0.268800 ms CreateObjectMapping: 0.098600 ms MarkObjects: 3.501900 ms  DeleteObjects: 0.571800 ms)

========================================================================
Received Prepare
Registering precompiled user dll's ...
Registered in 0.001256 seconds.
Begin MonoManager ReloadAssembly
Native extension for WindowsStandalone target not found
Native extension for WebGL target not found
Refreshing native plugins compatible for Editor in 0.76 ms, found 0 plugins.
Preloading 0 native plugins for Editor in 0.00 ms.
Invoked RoslynAnalysisRunner static constructor.
RoslynAnalysisRunner will not be running.
RoslynAnalysisRunner has terminated.
Mono: successfully reloaded assembly
- Completed reload, in  1.580 seconds
Platform modules already initialized, skipping
Shader 'WFX/Transparent Diffuse': fallback shader 'Particles/Alpha Blended' not found
Shader 'WFX/Transparent Specular': fallback shader 'Particles/Alpha Blended' not found
Refreshing native plugins compatible for Editor in 1.06 ms, found 0 plugins.
Preloading 0 native plugins for Editor in 0.00 ms.
Unloading 1568 Unused Serialized files (Serialized files now loaded: 0)
System memory in use before: 158.9 MB.
System memory in use after: 158.7 MB.

Unloading 67 unused Assets to reduce memory usage. Loaded Objects now: 2099.
Total: 4.851900 ms (FindLiveObjects: 0.248500 ms CreateObjectMapping: 0.089600 ms MarkObjects: 3.863800 ms  DeleteObjects: 0.646300 ms)

